<?xml version="1.0" encoding="UTF-8" standalone="no"?>
<testsuite errors="0" failures="0" name="io.cucumber.core.plugin.JUnitFormatter" skipped="0" tests="2" time="0.306">
<testcase classname="feature to test login functionality" name="Check login is successful with valid credentials" time="0.1">
<system-out><![CDATA[Given user is on login page.................................................passed
When user enters valid username and password................................passed
And clicks on button........................................................passed
Then user is navigated to the home page.....................................passed
]]></system-out>
</testcase>
<testcase classname="feature to test login functionality" name="Check login is fail with invalid credentials" time="0.009">
<system-out><![CDATA[Given user is on login page.................................................passed
When user enters invalid username and password..............................passed
And clicks on button........................................................passed
Then user is redirected to the login page...................................passed
]]></system-out>
</testcase>
</testsuite>
